<?xml version="1.0" encoding="UTF-8"?>
<testsuite xmlns:xsi="http://www.w3.org/2001/XMLSchema-instance" xsi:noNamespaceSchemaLocation="https://maven.apache.org/surefire/maven-surefire-plugin/xsd/surefire-test-report-3.0.xsd" version="3.0" name="com.udacity.catpoint.security.SecurityServiceTest" time="0.703" tests="22" errors="0" skipped="0" failures="0">
  <properties>
    <property name="java.specification.version" value="16"/>
    <property name="sun.cpu.isalist" value="amd64"/>
    <property name="sun.jnu.encoding" value="Cp1252"/>
    <property name="java.class.path" value="D:\Self Learning\Java Learning\Udacity\Code\Section 3_Java Application Deployment\Udasecurity\catpoint-parent\security\target\test-classes;C:\Users\jtyan\.m2\repository\org\junit\jupiter\junit-jupiter-params\5.8.1\junit-jupiter-params-5.8.1.jar;C:\Users\jtyan\.m2\repository\org\apiguardian\apiguardian-api\1.1.2\apiguardian-api-1.1.2.jar;C:\Users\jtyan\.m2\repository\software\amazon\awssdk\annotations\2.17.81\annotations-2.17.81.jar;C:\Users\jtyan\.m2\repository\software\amazon\awssdk\utils\2.17.81\utils-2.17.81.jar;C:\Users\jtyan\.m2\repository\org\reactivestreams\reactive-streams\1.0.3\reactive-streams-1.0.3.jar;C:\Users\jtyan\.m2\repository\software\amazon\awssdk\profiles\2.17.81\profiles-2.17.81.jar;C:\Users\jtyan\.m2\repository\software\amazon\awssdk\http-client-spi\2.17.81\http-client-spi-2.17.81.jar;C:\Users\jtyan\.m2\repository\software\amazon\awssdk\json-utils\2.17.81\json-utils-2.17.81.jar;C:\Users\jtyan\.m2\repository\software\amazon\awssdk\third-party-jackson-core\2.17.81\third-party-jackson-core-2.17.81.jar;C:\Users\jtyan\.m2\repository\software\amazon\eventstream\eventstream\1.0.1\eventstream-1.0.1.jar;C:\Users\jtyan\.m2\repository\software\amazon\awssdk\aws-json-protocol\2.17.81\aws-json-protocol-2.17.81.jar;C:\Users\jtyan\.m2\repository\software\amazon\awssdk\protocol-core\2.17.81\protocol-core-2.17.81.jar;C:\Users\jtyan\.m2\repository\software\amazon\awssdk\aws-core\2.17.81\aws-core-2.17.81.jar;C:\Users\jtyan\.m2\repository\software\amazon\awssdk\metrics-spi\2.17.81\metrics-spi-2.17.81.jar;C:\Users\jtyan\.m2\repository\software\amazon\awssdk\apache-client\2.17.81\apache-client-2.17.81.jar;C:\Users\jtyan\.m2\repository\software\amazon\awssdk\netty-nio-client\2.17.81\netty-nio-client-2.17.81.jar;C:\Users\jtyan\.m2\repository\io\netty\netty-codec-http\4.1.68.Final\netty-codec-http-4.1.68.Final.jar;C:\Users\jtyan\.m2\repository\io\netty\netty-codec-http2\4.1.68.Final\netty-codec-http2-4.1.68.Final.jar;C:\Users\jtyan\.m2\repository\io\netty\netty-codec\4.1.68.Final\netty-codec-4.1.68.Final.jar;C:\Users\jtyan\.m2\repository\io\netty\netty-transport\4.1.68.Final\netty-transport-4.1.68.Final.jar;C:\Users\jtyan\.m2\repository\io\netty\netty-resolver\4.1.68.Final\netty-resolver-4.1.68.Final.jar;C:\Users\jtyan\.m2\repository\io\netty\netty-common\4.1.68.Final\netty-common-4.1.68.Final.jar;C:\Users\jtyan\.m2\repository\io\netty\netty-buffer\4.1.68.Final\netty-buffer-4.1.68.Final.jar;C:\Users\jtyan\.m2\repository\io\netty\netty-handler\4.1.68.Final\netty-handler-4.1.68.Final.jar;C:\Users\jtyan\.m2\repository\io\netty\netty-transport-native-epoll\4.1.68.Final\netty-transport-native-epoll-4.1.68.Final-linux-x86_64.jar;C:\Users\jtyan\.m2\repository\io\netty\netty-transport-native-unix-common\4.1.68.Final\netty-transport-native-unix-common-4.1.68.Final.jar;C:\Users\jtyan\.m2\repository\com\typesafe\netty\netty-reactive-streams-http\2.0.5\netty-reactive-streams-http-2.0.5.jar;C:\Users\jtyan\.m2\repository\com\typesafe\netty\netty-reactive-streams\2.0.5\netty-reactive-streams-2.0.5.jar;C:\Users\jtyan\.m2\repository\com\google\guava\failureaccess\1.0.1\failureaccess-1.0.1.jar;C:\Users\jtyan\.m2\repository\com\google\guava\listenablefuture\9999.0-empty-to-avoid-conflict-with-guava\listenablefuture-9999.0-empty-to-avoid-conflict-with-guava.jar;C:\Users\jtyan\.m2\repository\com\google\code\findbugs\jsr305\3.0.2\jsr305-3.0.2.jar;C:\Users\jtyan\.m2\repository\org\checkerframework\checker-qual\3.12.0\checker-qual-3.12.0.jar;C:\Users\jtyan\.m2\repository\com\google\errorprone\error_prone_annotations\2.7.1\error_prone_annotations-2.7.1.jar;C:\Users\jtyan\.m2\repository\com\google\j2objc\j2objc-annotations\1.3\j2objc-annotations-1.3.jar;C:\Users\jtyan\.m2\repository\org\junit\jupiter\junit-jupiter-api\5.8.1\junit-jupiter-api-5.8.1.jar;C:\Users\jtyan\.m2\repository\org\opentest4j\opentest4j\1.2.0\opentest4j-1.2.0.jar;C:\Users\jtyan\.m2\repository\org\junit\platform\junit-platform-commons\1.8.1\junit-platform-commons-1.8.1.jar;C:\Users\jtyan\.m2\repository\org\mockito\mockito-junit-jupiter\4.0.0\mockito-junit-jupiter-4.0.0.jar;C:\Users\jtyan\.m2\repository\org\mockito\mockito-core\4.0.0\mockito-core-4.0.0.jar;C:\Users\jtyan\.m2\repository\net\bytebuddy\byte-buddy\1.11.19\byte-buddy-1.11.19.jar;C:\Users\jtyan\.m2\repository\net\bytebuddy\byte-buddy-agent\1.11.19\byte-buddy-agent-1.11.19.jar;C:\Users\jtyan\.m2\repository\org\objenesis\objenesis\3.2\objenesis-3.2.jar;C:\Users\jtyan\.m2\repository\com\github\spotbugs\spotbugs-maven-plugin\3.1.12\spotbugs-maven-plugin-3.1.12.jar;C:\Users\jtyan\.m2\repository\com\github\spotbugs\spotbugs\3.1.12\spotbugs-3.1.12.jar;C:\Users\jtyan\.m2\repository\org\ow2\asm\asm\7.0\asm-7.0.jar;C:\Users\jtyan\.m2\repository\org\ow2\asm\asm-analysis\7.0\asm-analysis-7.0.jar;C:\Users\jtyan\.m2\repository\org\ow2\asm\asm-commons\7.0\asm-commons-7.0.jar;C:\Users\jtyan\.m2\repository\org\ow2\asm\asm-tree\7.0\asm-tree-7.0.jar;C:\Users\jtyan\.m2\repository\org\ow2\asm\asm-util\7.0\asm-util-7.0.jar;C:\Users\jtyan\.m2\repository\org\apache\bcel\bcel\6.3\bcel-6.3.jar;C:\Users\jtyan\.m2\repository\net\jcip\jcip-annotations\1.0\jcip-annotations-1.0.jar;C:\Users\jtyan\.m2\repository\org\dom4j\dom4j\2.1.1\dom4j-2.1.1.jar;C:\Users\jtyan\.m2\repository\jaxen\jaxen\1.1.6\jaxen-1.1.6.jar;C:\Users\jtyan\.m2\repository\commons-lang\commons-lang\2.6\commons-lang-2.6.jar;C:\Users\jtyan\.m2\repository\com\github\spotbugs\spotbugs-annotations\3.1.12\spotbugs-annotations-3.1.12.jar;C:\Users\jtyan\.m2\repository\org\slf4j\slf4j-simple\1.8.0-beta4\slf4j-simple-1.8.0-beta4.jar;C:\Users\jtyan\.m2\repository\org\apache\ant\ant\1.10.6\ant-1.10.6.jar;C:\Users\jtyan\.m2\repository\org\apache\ant\ant-launcher\1.10.6\ant-launcher-1.10.6.jar;C:\Users\jtyan\.m2\repository\org\codehaus\groovy\groovy\2.5.7\groovy-2.5.7-indy.jar;C:\Users\jtyan\.m2\repository\org\codehaus\groovy\groovy-ant\2.5.7\groovy-ant-2.5.7-indy.jar;C:\Users\jtyan\.m2\repository\org\codehaus\groovy\groovy\2.5.7\groovy-2.5.7.jar;C:\Users\jtyan\.m2\repository\org\codehaus\groovy\groovy-dateutil\2.5.7\groovy-dateutil-2.5.7-indy.jar;C:\Users\jtyan\.m2\repository\org\codehaus\groovy\groovy-groovydoc\2.5.7\groovy-groovydoc-2.5.7.jar;C:\Users\jtyan\.m2\repository\org\codehaus\groovy\groovy-templates\2.5.7\groovy-templates-2.5.7.jar;C:\Users\jtyan\.m2\repository\org\codehaus\groovy\groovy-cli-picocli\2.5.7\groovy-cli-picocli-2.5.7.jar;C:\Users\jtyan\.m2\repository\info\picocli\picocli\3.9.5\picocli-3.9.5.jar;C:\Users\jtyan\.m2\repository\org\codehaus\groovy\groovy-docgenerator\2.5.7\groovy-docgenerator-2.5.7.jar;C:\Users\jtyan\.m2\repository\com\thoughtworks\qdox\qdox\1.12.1\qdox-1.12.1.jar;C:\Users\jtyan\.m2\repository\org\codehaus\groovy\groovy-xml\2.5.7\groovy-xml-2.5.7.jar;C:\Users\jtyan\.m2\repository\org\apache\maven\reporting\maven-reporting-impl\3.0.0\maven-reporting-impl-3.0.0.jar;C:\Users\jtyan\.m2\repository\org\apache\maven\shared\maven-shared-utils\3.2.0\maven-shared-utils-3.2.0.jar;C:\Users\jtyan\.m2\repository\org\apache\maven\reporting\maven-reporting-api\3.0\maven-reporting-api-3.0.jar;C:\Users\jtyan\.m2\repository\org\apache\maven\maven-plugin-api\3.5.0\maven-plugin-api-3.5.0.jar;C:\Users\jtyan\.m2\repository\org\apache\maven\maven-model\3.5.0\maven-model-3.5.0.jar;C:\Users\jtyan\.m2\repository\org\eclipse\sisu\org.eclipse.sisu.plexus\0.3.3\org.eclipse.sisu.plexus-0.3.3.jar;C:\Users\jtyan\.m2\repository\javax\enterprise\cdi-api\1.0\cdi-api-1.0.jar;C:\Users\jtyan\.m2\repository\javax\annotation\jsr250-api\1.0\jsr250-api-1.0.jar;C:\Users\jtyan\.m2\repository\javax\inject\javax.inject\1\javax.inject-1.jar;C:\Users\jtyan\.m2\repository\org\eclipse\sisu\org.eclipse.sisu.inject\0.3.3\org.eclipse.sisu.inject-0.3.3.jar;C:\Users\jtyan\.m2\repository\org\apache\maven\maven-artifact\3.5.0\maven-artifact-3.5.0.jar;C:\Users\jtyan\.m2\repository\org\apache\maven\shared\maven-artifact-transfer\0.11.0\maven-artifact-transfer-0.11.0.jar;C:\Users\jtyan\.m2\repository\org\codehaus\plexus\plexus-component-annotations\1.7.1\plexus-component-annotations-1.7.1.jar;C:\Users\jtyan\.m2\repository\org\apache\maven\shared\maven-common-artifact-filters\3.0.1\maven-common-artifact-filters-3.0.1.jar;C:\Users\jtyan\.m2\repository\org\sonatype\sisu\sisu-inject-plexus\1.4.2\sisu-inject-plexus-1.4.2.jar;C:\Users\jtyan\.m2\repository\org\sonatype\sisu\sisu-inject-bean\1.4.2\sisu-inject-bean-1.4.2.jar;C:\Users\jtyan\.m2\repository\org\sonatype\sisu\sisu-guice\2.1.7\sisu-guice-2.1.7-noaop.jar;C:\Users\jtyan\.m2\repository\org\apache\maven\maven-core\3.1.1\maven-core-3.1.1.jar;C:\Users\jtyan\.m2\repository\org\apache\maven\maven-settings\3.1.1\maven-settings-3.1.1.jar;C:\Users\jtyan\.m2\repository\org\apache\maven\maven-settings-builder\3.1.1\maven-settings-builder-3.1.1.jar;C:\Users\jtyan\.m2\repository\org\apache\maven\maven-repository-metadata\3.1.1\maven-repository-metadata-3.1.1.jar;C:\Users\jtyan\.m2\repository\org\apache\maven\maven-model-builder\3.1.1\maven-model-builder-3.1.1.jar;C:\Users\jtyan\.m2\repository\org\apache\maven\maven-aether-provider\3.1.1\maven-aether-provider-3.1.1.jar;C:\Users\jtyan\.m2\repository\org\eclipse\aether\aether-spi\0.9.0.M2\aether-spi-0.9.0.M2.jar;C:\Users\jtyan\.m2\repository\org\eclipse\aether\aether-impl\0.9.0.M2\aether-impl-0.9.0.M2.jar;C:\Users\jtyan\.m2\repository\org\eclipse\aether\aether-api\0.9.0.M2\aether-api-0.9.0.M2.jar;C:\Users\jtyan\.m2\repository\org\eclipse\aether\aether-util\0.9.0.M2\aether-util-0.9.0.M2.jar;C:\Users\jtyan\.m2\repository\org\codehaus\plexus\plexus-interpolation\1.19\plexus-interpolation-1.19.jar;C:\Users\jtyan\.m2\repository\org\codehaus\plexus\plexus-classworlds\2.5.1\plexus-classworlds-2.5.1.jar;C:\Users\jtyan\.m2\repository\org\sonatype\plexus\plexus-sec-dispatcher\1.3\plexus-sec-dispatcher-1.3.jar;C:\Users\jtyan\.m2\repository\org\sonatype\plexus\plexus-cipher\1.4\plexus-cipher-1.4.jar;C:\Users\jtyan\.m2\repository\org\apache\maven\doxia\doxia-core\1.9\doxia-core-1.9.jar;C:\Users\jtyan\.m2\repository\org\apache\maven\doxia\doxia-logging-api\1.9\doxia-logging-api-1.9.jar;C:\Users\jtyan\.m2\repository\org\apache\httpcomponents\httpclient\4.5.8\httpclient-4.5.8.jar;C:\Users\jtyan\.m2\repository\org\apache\httpcomponents\httpcore\4.4.11\httpcore-4.4.11.jar;C:\Users\jtyan\.m2\repository\org\apache\maven\doxia\doxia-sink-api\1.9\doxia-sink-api-1.9.jar;C:\Users\jtyan\.m2\repository\org\apache\maven\doxia\doxia-decoration-model\1.8.1\doxia-decoration-model-1.8.1.jar;C:\Users\jtyan\.m2\repository\org\apache\maven\doxia\doxia-site-renderer\1.8.1\doxia-site-renderer-1.8.1.jar;C:\Users\jtyan\.m2\repository\org\apache\maven\doxia\doxia-skin-model\1.8.1\doxia-skin-model-1.8.1.jar;C:\Users\jtyan\.m2\repository\org\apache\maven\doxia\doxia-module-xhtml\1.8\doxia-module-xhtml-1.8.jar;C:\Users\jtyan\.m2\repository\org\codehaus\plexus\plexus-i18n\1.0-beta-7\plexus-i18n-1.0-beta-7.jar;C:\Users\jtyan\.m2\repository\org\codehaus\plexus\plexus-velocity\1.2\plexus-velocity-1.2.jar;C:\Users\jtyan\.m2\repository\org\apache\velocity\velocity\1.7\velocity-1.7.jar;C:\Users\jtyan\.m2\repository\org\apache\velocity\velocity-tools\2.0\velocity-tools-2.0.jar;C:\Users\jtyan\.m2\repository\oro\oro\2.0.8\oro-2.0.8.jar;C:\Users\jtyan\.m2\repository\sslext\sslext\1.2-0\sslext-1.2-0.jar;C:\Users\jtyan\.m2\repository\org\apache\maven\doxia\doxia-integration-tools\1.8.1\doxia-integration-tools-1.8.1.jar;C:\Users\jtyan\.m2\repository\commons-beanutils\commons-beanutils\1.9.3\commons-beanutils-1.9.3.jar;C:\Users\jtyan\.m2\repository\commons-logging\commons-logging\1.2\commons-logging-1.2.jar;C:\Users\jtyan\.m2\repository\commons-chain\commons-chain\1.2\commons-chain-1.2.jar;C:\Users\jtyan\.m2\repository\commons-codec\commons-codec\1.12\commons-codec-1.12.jar;C:\Users\jtyan\.m2\repository\commons-collections\commons-collections\3.2.2\commons-collections-3.2.2.jar;C:\Users\jtyan\.m2\repository\commons-digester\commons-digester\2.1\commons-digester-2.1.jar;C:\Users\jtyan\.m2\repository\commons-io\commons-io\2.6\commons-io-2.6.jar;C:\Users\jtyan\.m2\repository\org\apache\commons\commons-lang3\3.9\commons-lang3-3.9.jar;C:\Users\jtyan\.m2\repository\commons-validator\commons-validator\1.6\commons-validator-1.6.jar;C:\Users\jtyan\.m2\repository\org\codehaus\plexus\plexus-container-default\2.0.0\plexus-container-default-2.0.0.jar;C:\Users\jtyan\.m2\repository\org\apache\xbean\xbean-reflect\3.7\xbean-reflect-3.7.jar;C:\Users\jtyan\.m2\repository\org\codehaus\plexus\plexus-resources\1.1.0\plexus-resources-1.1.0.jar;C:\Users\jtyan\.m2\repository\org\codehaus\plexus\plexus-utils\3.1.1\plexus-utils-3.1.1.jar;"/>
    <property name="java.vm.vendor" value="Amazon.com Inc."/>
    <property name="sun.arch.data.model" value="64"/>
    <property name="user.variant" value=""/>
    <property name="java.vendor.url" value="https://aws.amazon.com/corretto/"/>
    <property name="user.timezone" value="America/New_York"/>
    <property name="os.name" value="Windows 10"/>
    <property name="java.vm.specification.version" value="16"/>
    <property name="sun.java.launcher" value="SUN_STANDARD"/>
    <property name="user.country" value="US"/>
    <property name="sun.boot.library.path" value="C:\Users\jtyan\.jdks\corretto-16.0.2\bin"/>
    <property name="sun.java.command" value="org.apache.maven.surefire.booter.ForkedBooter C:\Users\jtyan\AppData\Local\Temp\surefire8665454714567593827 2021-12-01T23-58-04_171-jvmRun1 surefire4045890253882956991tmp surefire_017041990165681793987tmp"/>
    <property name="jdk.debug" value="release"/>
    <property name="surefire.test.class.path" value="D:\Self Learning\Java Learning\Udacity\Code\Section 3_Java Application Deployment\Udasecurity\catpoint-parent\security\target\test-classes;C:\Users\jtyan\.m2\repository\org\junit\jupiter\junit-jupiter-params\5.8.1\junit-jupiter-params-5.8.1.jar;C:\Users\jtyan\.m2\repository\org\apiguardian\apiguardian-api\1.1.2\apiguardian-api-1.1.2.jar;C:\Users\jtyan\.m2\repository\software\amazon\awssdk\annotations\2.17.81\annotations-2.17.81.jar;C:\Users\jtyan\.m2\repository\software\amazon\awssdk\utils\2.17.81\utils-2.17.81.jar;C:\Users\jtyan\.m2\repository\org\reactivestreams\reactive-streams\1.0.3\reactive-streams-1.0.3.jar;C:\Users\jtyan\.m2\repository\software\amazon\awssdk\profiles\2.17.81\profiles-2.17.81.jar;C:\Users\jtyan\.m2\repository\software\amazon\awssdk\http-client-spi\2.17.81\http-client-spi-2.17.81.jar;C:\Users\jtyan\.m2\repository\software\amazon\awssdk\json-utils\2.17.81\json-utils-2.17.81.jar;C:\Users\jtyan\.m2\repository\software\amazon\awssdk\third-party-jackson-core\2.17.81\third-party-jackson-core-2.17.81.jar;C:\Users\jtyan\.m2\repository\software\amazon\eventstream\eventstream\1.0.1\eventstream-1.0.1.jar;C:\Users\jtyan\.m2\repository\software\amazon\awssdk\aws-json-protocol\2.17.81\aws-json-protocol-2.17.81.jar;C:\Users\jtyan\.m2\repository\software\amazon\awssdk\protocol-core\2.17.81\protocol-core-2.17.81.jar;C:\Users\jtyan\.m2\repository\software\amazon\awssdk\aws-core\2.17.81\aws-core-2.17.81.jar;C:\Users\jtyan\.m2\repository\software\amazon\awssdk\metrics-spi\2.17.81\metrics-spi-2.17.81.jar;C:\Users\jtyan\.m2\repository\software\amazon\awssdk\apache-client\2.17.81\apache-client-2.17.81.jar;C:\Users\jtyan\.m2\repository\software\amazon\awssdk\netty-nio-client\2.17.81\netty-nio-client-2.17.81.jar;C:\Users\jtyan\.m2\repository\io\netty\netty-codec-http\4.1.68.Final\netty-codec-http-4.1.68.Final.jar;C:\Users\jtyan\.m2\repository\io\netty\netty-codec-http2\4.1.68.Final\netty-codec-http2-4.1.68.Final.jar;C:\Users\jtyan\.m2\repository\io\netty\netty-codec\4.1.68.Final\netty-codec-4.1.68.Final.jar;C:\Users\jtyan\.m2\repository\io\netty\netty-transport\4.1.68.Final\netty-transport-4.1.68.Final.jar;C:\Users\jtyan\.m2\repository\io\netty\netty-resolver\4.1.68.Final\netty-resolver-4.1.68.Final.jar;C:\Users\jtyan\.m2\repository\io\netty\netty-common\4.1.68.Final\netty-common-4.1.68.Final.jar;C:\Users\jtyan\.m2\repository\io\netty\netty-buffer\4.1.68.Final\netty-buffer-4.1.68.Final.jar;C:\Users\jtyan\.m2\repository\io\netty\netty-handler\4.1.68.Final\netty-handler-4.1.68.Final.jar;C:\Users\jtyan\.m2\repository\io\netty\netty-transport-native-epoll\4.1.68.Final\netty-transport-native-epoll-4.1.68.Final-linux-x86_64.jar;C:\Users\jtyan\.m2\repository\io\netty\netty-transport-native-unix-common\4.1.68.Final\netty-transport-native-unix-common-4.1.68.Final.jar;C:\Users\jtyan\.m2\repository\com\typesafe\netty\netty-reactive-streams-http\2.0.5\netty-reactive-streams-http-2.0.5.jar;C:\Users\jtyan\.m2\repository\com\typesafe\netty\netty-reactive-streams\2.0.5\netty-reactive-streams-2.0.5.jar;C:\Users\jtyan\.m2\repository\com\google\guava\failureaccess\1.0.1\failureaccess-1.0.1.jar;C:\Users\jtyan\.m2\repository\com\google\guava\listenablefuture\9999.0-empty-to-avoid-conflict-with-guava\listenablefuture-9999.0-empty-to-avoid-conflict-with-guava.jar;C:\Users\jtyan\.m2\repository\com\google\code\findbugs\jsr305\3.0.2\jsr305-3.0.2.jar;C:\Users\jtyan\.m2\repository\org\checkerframework\checker-qual\3.12.0\checker-qual-3.12.0.jar;C:\Users\jtyan\.m2\repository\com\google\errorprone\error_prone_annotations\2.7.1\error_prone_annotations-2.7.1.jar;C:\Users\jtyan\.m2\repository\com\google\j2objc\j2objc-annotations\1.3\j2objc-annotations-1.3.jar;C:\Users\jtyan\.m2\repository\org\junit\jupiter\junit-jupiter-api\5.8.1\junit-jupiter-api-5.8.1.jar;C:\Users\jtyan\.m2\repository\org\opentest4j\opentest4j\1.2.0\opentest4j-1.2.0.jar;C:\Users\jtyan\.m2\repository\org\junit\platform\junit-platform-commons\1.8.1\junit-platform-commons-1.8.1.jar;C:\Users\jtyan\.m2\repository\org\mockito\mockito-junit-jupiter\4.0.0\mockito-junit-jupiter-4.0.0.jar;C:\Users\jtyan\.m2\repository\org\mockito\mockito-core\4.0.0\mockito-core-4.0.0.jar;C:\Users\jtyan\.m2\repository\net\bytebuddy\byte-buddy\1.11.19\byte-buddy-1.11.19.jar;C:\Users\jtyan\.m2\repository\net\bytebuddy\byte-buddy-agent\1.11.19\byte-buddy-agent-1.11.19.jar;C:\Users\jtyan\.m2\repository\org\objenesis\objenesis\3.2\objenesis-3.2.jar;C:\Users\jtyan\.m2\repository\com\github\spotbugs\spotbugs-maven-plugin\3.1.12\spotbugs-maven-plugin-3.1.12.jar;C:\Users\jtyan\.m2\repository\com\github\spotbugs\spotbugs\3.1.12\spotbugs-3.1.12.jar;C:\Users\jtyan\.m2\repository\org\ow2\asm\asm\7.0\asm-7.0.jar;C:\Users\jtyan\.m2\repository\org\ow2\asm\asm-analysis\7.0\asm-analysis-7.0.jar;C:\Users\jtyan\.m2\repository\org\ow2\asm\asm-commons\7.0\asm-commons-7.0.jar;C:\Users\jtyan\.m2\repository\org\ow2\asm\asm-tree\7.0\asm-tree-7.0.jar;C:\Users\jtyan\.m2\repository\org\ow2\asm\asm-util\7.0\asm-util-7.0.jar;C:\Users\jtyan\.m2\repository\org\apache\bcel\bcel\6.3\bcel-6.3.jar;C:\Users\jtyan\.m2\repository\net\jcip\jcip-annotations\1.0\jcip-annotations-1.0.jar;C:\Users\jtyan\.m2\repository\org\dom4j\dom4j\2.1.1\dom4j-2.1.1.jar;C:\Users\jtyan\.m2\repository\jaxen\jaxen\1.1.6\jaxen-1.1.6.jar;C:\Users\jtyan\.m2\repository\commons-lang\commons-lang\2.6\commons-lang-2.6.jar;C:\Users\jtyan\.m2\repository\com\github\spotbugs\spotbugs-annotations\3.1.12\spotbugs-annotations-3.1.12.jar;C:\Users\jtyan\.m2\repository\org\slf4j\slf4j-simple\1.8.0-beta4\slf4j-simple-1.8.0-beta4.jar;C:\Users\jtyan\.m2\repository\org\apache\ant\ant\1.10.6\ant-1.10.6.jar;C:\Users\jtyan\.m2\repository\org\apache\ant\ant-launcher\1.10.6\ant-launcher-1.10.6.jar;C:\Users\jtyan\.m2\repository\org\codehaus\groovy\groovy\2.5.7\groovy-2.5.7-indy.jar;C:\Users\jtyan\.m2\repository\org\codehaus\groovy\groovy-ant\2.5.7\groovy-ant-2.5.7-indy.jar;C:\Users\jtyan\.m2\repository\org\codehaus\groovy\groovy\2.5.7\groovy-2.5.7.jar;C:\Users\jtyan\.m2\repository\org\codehaus\groovy\groovy-dateutil\2.5.7\groovy-dateutil-2.5.7-indy.jar;C:\Users\jtyan\.m2\repository\org\codehaus\groovy\groovy-groovydoc\2.5.7\groovy-groovydoc-2.5.7.jar;C:\Users\jtyan\.m2\repository\org\codehaus\groovy\groovy-templates\2.5.7\groovy-templates-2.5.7.jar;C:\Users\jtyan\.m2\repository\org\codehaus\groovy\groovy-cli-picocli\2.5.7\groovy-cli-picocli-2.5.7.jar;C:\Users\jtyan\.m2\repository\info\picocli\picocli\3.9.5\picocli-3.9.5.jar;C:\Users\jtyan\.m2\repository\org\codehaus\groovy\groovy-docgenerator\2.5.7\groovy-docgenerator-2.5.7.jar;C:\Users\jtyan\.m2\repository\com\thoughtworks\qdox\qdox\1.12.1\qdox-1.12.1.jar;C:\Users\jtyan\.m2\repository\org\codehaus\groovy\groovy-xml\2.5.7\groovy-xml-2.5.7.jar;C:\Users\jtyan\.m2\repository\org\apache\maven\reporting\maven-reporting-impl\3.0.0\maven-reporting-impl-3.0.0.jar;C:\Users\jtyan\.m2\repository\org\apache\maven\shared\maven-shared-utils\3.2.0\maven-shared-utils-3.2.0.jar;C:\Users\jtyan\.m2\repository\org\apache\maven\reporting\maven-reporting-api\3.0\maven-reporting-api-3.0.jar;C:\Users\jtyan\.m2\repository\org\apache\maven\maven-plugin-api\3.5.0\maven-plugin-api-3.5.0.jar;C:\Users\jtyan\.m2\repository\org\apache\maven\maven-model\3.5.0\maven-model-3.5.0.jar;C:\Users\jtyan\.m2\repository\org\eclipse\sisu\org.eclipse.sisu.plexus\0.3.3\org.eclipse.sisu.plexus-0.3.3.jar;C:\Users\jtyan\.m2\repository\javax\enterprise\cdi-api\1.0\cdi-api-1.0.jar;C:\Users\jtyan\.m2\repository\javax\annotation\jsr250-api\1.0\jsr250-api-1.0.jar;C:\Users\jtyan\.m2\repository\javax\inject\javax.inject\1\javax.inject-1.jar;C:\Users\jtyan\.m2\repository\org\eclipse\sisu\org.eclipse.sisu.inject\0.3.3\org.eclipse.sisu.inject-0.3.3.jar;C:\Users\jtyan\.m2\repository\org\apache\maven\maven-artifact\3.5.0\maven-artifact-3.5.0.jar;C:\Users\jtyan\.m2\repository\org\apache\maven\shared\maven-artifact-transfer\0.11.0\maven-artifact-transfer-0.11.0.jar;C:\Users\jtyan\.m2\repository\org\codehaus\plexus\plexus-component-annotations\1.7.1\plexus-component-annotations-1.7.1.jar;C:\Users\jtyan\.m2\repository\org\apache\maven\shared\maven-common-artifact-filters\3.0.1\maven-common-artifact-filters-3.0.1.jar;C:\Users\jtyan\.m2\repository\org\sonatype\sisu\sisu-inject-plexus\1.4.2\sisu-inject-plexus-1.4.2.jar;C:\Users\jtyan\.m2\repository\org\sonatype\sisu\sisu-inject-bean\1.4.2\sisu-inject-bean-1.4.2.jar;C:\Users\jtyan\.m2\repository\org\sonatype\sisu\sisu-guice\2.1.7\sisu-guice-2.1.7-noaop.jar;C:\Users\jtyan\.m2\repository\org\apache\maven\maven-core\3.1.1\maven-core-3.1.1.jar;C:\Users\jtyan\.m2\repository\org\apache\maven\maven-settings\3.1.1\maven-settings-3.1.1.jar;C:\Users\jtyan\.m2\repository\org\apache\maven\maven-settings-builder\3.1.1\maven-settings-builder-3.1.1.jar;C:\Users\jtyan\.m2\repository\org\apache\maven\maven-repository-metadata\3.1.1\maven-repository-metadata-3.1.1.jar;C:\Users\jtyan\.m2\repository\org\apache\maven\maven-model-builder\3.1.1\maven-model-builder-3.1.1.jar;C:\Users\jtyan\.m2\repository\org\apache\maven\maven-aether-provider\3.1.1\maven-aether-provider-3.1.1.jar;C:\Users\jtyan\.m2\repository\org\eclipse\aether\aether-spi\0.9.0.M2\aether-spi-0.9.0.M2.jar;C:\Users\jtyan\.m2\repository\org\eclipse\aether\aether-impl\0.9.0.M2\aether-impl-0.9.0.M2.jar;C:\Users\jtyan\.m2\repository\org\eclipse\aether\aether-api\0.9.0.M2\aether-api-0.9.0.M2.jar;C:\Users\jtyan\.m2\repository\org\eclipse\aether\aether-util\0.9.0.M2\aether-util-0.9.0.M2.jar;C:\Users\jtyan\.m2\repository\org\codehaus\plexus\plexus-interpolation\1.19\plexus-interpolation-1.19.jar;C:\Users\jtyan\.m2\repository\org\codehaus\plexus\plexus-classworlds\2.5.1\plexus-classworlds-2.5.1.jar;C:\Users\jtyan\.m2\repository\org\sonatype\plexus\plexus-sec-dispatcher\1.3\plexus-sec-dispatcher-1.3.jar;C:\Users\jtyan\.m2\repository\org\sonatype\plexus\plexus-cipher\1.4\plexus-cipher-1.4.jar;C:\Users\jtyan\.m2\repository\org\apache\maven\doxia\doxia-core\1.9\doxia-core-1.9.jar;C:\Users\jtyan\.m2\repository\org\apache\maven\doxia\doxia-logging-api\1.9\doxia-logging-api-1.9.jar;C:\Users\jtyan\.m2\repository\org\apache\httpcomponents\httpclient\4.5.8\httpclient-4.5.8.jar;C:\Users\jtyan\.m2\repository\org\apache\httpcomponents\httpcore\4.4.11\httpcore-4.4.11.jar;C:\Users\jtyan\.m2\repository\org\apache\maven\doxia\doxia-sink-api\1.9\doxia-sink-api-1.9.jar;C:\Users\jtyan\.m2\repository\org\apache\maven\doxia\doxia-decoration-model\1.8.1\doxia-decoration-model-1.8.1.jar;C:\Users\jtyan\.m2\repository\org\apache\maven\doxia\doxia-site-renderer\1.8.1\doxia-site-renderer-1.8.1.jar;C:\Users\jtyan\.m2\repository\org\apache\maven\doxia\doxia-skin-model\1.8.1\doxia-skin-model-1.8.1.jar;C:\Users\jtyan\.m2\repository\org\apache\maven\doxia\doxia-module-xhtml\1.8\doxia-module-xhtml-1.8.jar;C:\Users\jtyan\.m2\repository\org\codehaus\plexus\plexus-i18n\1.0-beta-7\plexus-i18n-1.0-beta-7.jar;C:\Users\jtyan\.m2\repository\org\codehaus\plexus\plexus-velocity\1.2\plexus-velocity-1.2.jar;C:\Users\jtyan\.m2\repository\org\apache\velocity\velocity\1.7\velocity-1.7.jar;C:\Users\jtyan\.m2\repository\org\apache\velocity\velocity-tools\2.0\velocity-tools-2.0.jar;C:\Users\jtyan\.m2\repository\oro\oro\2.0.8\oro-2.0.8.jar;C:\Users\jtyan\.m2\repository\sslext\sslext\1.2-0\sslext-1.2-0.jar;C:\Users\jtyan\.m2\repository\org\apache\maven\doxia\doxia-integration-tools\1.8.1\doxia-integration-tools-1.8.1.jar;C:\Users\jtyan\.m2\repository\commons-beanutils\commons-beanutils\1.9.3\commons-beanutils-1.9.3.jar;C:\Users\jtyan\.m2\repository\commons-logging\commons-logging\1.2\commons-logging-1.2.jar;C:\Users\jtyan\.m2\repository\commons-chain\commons-chain\1.2\commons-chain-1.2.jar;C:\Users\jtyan\.m2\repository\commons-codec\commons-codec\1.12\commons-codec-1.12.jar;C:\Users\jtyan\.m2\repository\commons-collections\commons-collections\3.2.2\commons-collections-3.2.2.jar;C:\Users\jtyan\.m2\repository\commons-digester\commons-digester\2.1\commons-digester-2.1.jar;C:\Users\jtyan\.m2\repository\commons-io\commons-io\2.6\commons-io-2.6.jar;C:\Users\jtyan\.m2\repository\org\apache\commons\commons-lang3\3.9\commons-lang3-3.9.jar;C:\Users\jtyan\.m2\repository\commons-validator\commons-validator\1.6\commons-validator-1.6.jar;C:\Users\jtyan\.m2\repository\org\codehaus\plexus\plexus-container-default\2.0.0\plexus-container-default-2.0.0.jar;C:\Users\jtyan\.m2\repository\org\apache\xbean\xbean-reflect\3.7\xbean-reflect-3.7.jar;C:\Users\jtyan\.m2\repository\org\codehaus\plexus\plexus-resources\1.1.0\plexus-resources-1.1.0.jar;C:\Users\jtyan\.m2\repository\org\codehaus\plexus\plexus-utils\3.1.1\plexus-utils-3.1.1.jar;"/>
    <property name="sun.cpu.endian" value="little"/>
    <property name="user.home" value="C:\Users\jtyan"/>
    <property name="user.language" value="en"/>
    <property name="java.specification.vendor" value="Oracle Corporation"/>
    <property name="jdk.module.path" value="D:\Self Learning\Java Learning\Udacity\Code\Section 3_Java Application Deployment\Udasecurity\catpoint-parent\security\target\classes;C:\Users\jtyan\.m2\repository\com\google\code\gson\gson\2.8.9\gson-2.8.9.jar;D:\Self Learning\Java Learning\Udacity\Code\Section 3_Java Application Deployment\Udasecurity\catpoint-parent\image\target\image-1.0-SNAPSHOT.jar;C:\Users\jtyan\.m2\repository\org\slf4j\slf4j-api\1.7.32\slf4j-api-1.7.32.jar;C:\Users\jtyan\.m2\repository\software\amazon\awssdk\auth\2.17.81\auth-2.17.81.jar;C:\Users\jtyan\.m2\repository\software\amazon\awssdk\sdk-core\2.17.81\sdk-core-2.17.81.jar;C:\Users\jtyan\.m2\repository\software\amazon\awssdk\regions\2.17.81\regions-2.17.81.jar;C:\Users\jtyan\.m2\repository\software\amazon\awssdk\rekognition\2.17.81\rekognition-2.17.81.jar;C:\Users\jtyan\.m2\repository\com\miglayout\miglayout\3.7.4\miglayout-3.7.4.jar;C:\Users\jtyan\.m2\repository\com\google\guava\guava\31.0.1-jre\guava-31.0.1-jre.jar"/>
    <property name="java.version.date" value="2021-07-20"/>
    <property name="java.home" value="C:\Users\jtyan\.jdks\corretto-16.0.2"/>
    <property name="file.separator" value="\"/>
    <property name="basedir" value="D:\Self Learning\Java Learning\Udacity\Code\Section 3_Java Application Deployment\Udasecurity\catpoint-parent\security"/>
    <property name="java.vm.compressedOopsMode" value="Zero based"/>
    <property name="line.separator" value="&#10;"/>
    <property name="java.vm.specification.vendor" value="Oracle Corporation"/>
    <property name="java.specification.name" value="Java Platform API Specification"/>
    <property name="surefire.real.class.path" value="C:\Users\jtyan\.m2\repository\org\apache\maven\surefire\surefire-booter\3.0.0-M5\surefire-booter-3.0.0-M5.jar;C:\Users\jtyan\.m2\repository\org\apache\maven\surefire\surefire-api\3.0.0-M5\surefire-api-3.0.0-M5.jar;C:\Users\jtyan\.m2\repository\org\apache\maven\surefire\surefire-logger-api\3.0.0-M5\surefire-logger-api-3.0.0-M5.jar;C:\Users\jtyan\.m2\repository\org\apache\maven\surefire\surefire-shared-utils\3.0.0-M4\surefire-shared-utils-3.0.0-M4.jar;C:\Users\jtyan\.m2\repository\org\apache\maven\surefire\surefire-extensions-spi\3.0.0-M5\surefire-extensions-spi-3.0.0-M5.jar;D:\Self Learning\Java Learning\Udacity\Code\Section 3_Java Application Deployment\Udasecurity\catpoint-parent\security\target\test-classes;C:\Users\jtyan\.m2\repository\org\junit\jupiter\junit-jupiter-params\5.8.1\junit-jupiter-params-5.8.1.jar;C:\Users\jtyan\.m2\repository\org\apiguardian\apiguardian-api\1.1.2\apiguardian-api-1.1.2.jar;C:\Users\jtyan\.m2\repository\software\amazon\awssdk\annotations\2.17.81\annotations-2.17.81.jar;C:\Users\jtyan\.m2\repository\software\amazon\awssdk\utils\2.17.81\utils-2.17.81.jar;C:\Users\jtyan\.m2\repository\org\reactivestreams\reactive-streams\1.0.3\reactive-streams-1.0.3.jar;C:\Users\jtyan\.m2\repository\software\amazon\awssdk\profiles\2.17.81\profiles-2.17.81.jar;C:\Users\jtyan\.m2\repository\software\amazon\awssdk\http-client-spi\2.17.81\http-client-spi-2.17.81.jar;C:\Users\jtyan\.m2\repository\software\amazon\awssdk\json-utils\2.17.81\json-utils-2.17.81.jar;C:\Users\jtyan\.m2\repository\software\amazon\awssdk\third-party-jackson-core\2.17.81\third-party-jackson-core-2.17.81.jar;C:\Users\jtyan\.m2\repository\software\amazon\eventstream\eventstream\1.0.1\eventstream-1.0.1.jar;C:\Users\jtyan\.m2\repository\software\amazon\awssdk\aws-json-protocol\2.17.81\aws-json-protocol-2.17.81.jar;C:\Users\jtyan\.m2\repository\software\amazon\awssdk\protocol-core\2.17.81\protocol-core-2.17.81.jar;C:\Users\jtyan\.m2\repository\software\amazon\awssdk\aws-core\2.17.81\aws-core-2.17.81.jar;C:\Users\jtyan\.m2\repository\software\amazon\awssdk\metrics-spi\2.17.81\metrics-spi-2.17.81.jar;C:\Users\jtyan\.m2\repository\software\amazon\awssdk\apache-client\2.17.81\apache-client-2.17.81.jar;C:\Users\jtyan\.m2\repository\software\amazon\awssdk\netty-nio-client\2.17.81\netty-nio-client-2.17.81.jar;C:\Users\jtyan\.m2\repository\io\netty\netty-codec-http\4.1.68.Final\netty-codec-http-4.1.68.Final.jar;C:\Users\jtyan\.m2\repository\io\netty\netty-codec-http2\4.1.68.Final\netty-codec-http2-4.1.68.Final.jar;C:\Users\jtyan\.m2\repository\io\netty\netty-codec\4.1.68.Final\netty-codec-4.1.68.Final.jar;C:\Users\jtyan\.m2\repository\io\netty\netty-transport\4.1.68.Final\netty-transport-4.1.68.Final.jar;C:\Users\jtyan\.m2\repository\io\netty\netty-resolver\4.1.68.Final\netty-resolver-4.1.68.Final.jar;C:\Users\jtyan\.m2\repository\io\netty\netty-common\4.1.68.Final\netty-common-4.1.68.Final.jar;C:\Users\jtyan\.m2\repository\io\netty\netty-buffer\4.1.68.Final\netty-buffer-4.1.68.Final.jar;C:\Users\jtyan\.m2\repository\io\netty\netty-handler\4.1.68.Final\netty-handler-4.1.68.Final.jar;C:\Users\jtyan\.m2\repository\io\netty\netty-transport-native-epoll\4.1.68.Final\netty-transport-native-epoll-4.1.68.Final-linux-x86_64.jar;C:\Users\jtyan\.m2\repository\io\netty\netty-transport-native-unix-common\4.1.68.Final\netty-transport-native-unix-common-4.1.68.Final.jar;C:\Users\jtyan\.m2\repository\com\typesafe\netty\netty-reactive-streams-http\2.0.5\netty-reactive-streams-http-2.0.5.jar;C:\Users\jtyan\.m2\repository\com\typesafe\netty\netty-reactive-streams\2.0.5\netty-reactive-streams-2.0.5.jar;C:\Users\jtyan\.m2\repository\com\google\guava\failureaccess\1.0.1\failureaccess-1.0.1.jar;C:\Users\jtyan\.m2\repository\com\google\guava\listenablefuture\9999.0-empty-to-avoid-conflict-with-guava\listenablefuture-9999.0-empty-to-avoid-conflict-with-guava.jar;C:\Users\jtyan\.m2\repository\com\google\code\findbugs\jsr305\3.0.2\jsr305-3.0.2.jar;C:\Users\jtyan\.m2\repository\org\checkerframework\checker-qual\3.12.0\checker-qual-3.12.0.jar;C:\Users\jtyan\.m2\repository\com\google\errorprone\error_prone_annotations\2.7.1\error_prone_annotations-2.7.1.jar;C:\Users\jtyan\.m2\repository\com\google\j2objc\j2objc-annotations\1.3\j2objc-annotations-1.3.jar;C:\Users\jtyan\.m2\repository\org\junit\jupiter\junit-jupiter-api\5.8.1\junit-jupiter-api-5.8.1.jar;C:\Users\jtyan\.m2\repository\org\opentest4j\opentest4j\1.2.0\opentest4j-1.2.0.jar;C:\Users\jtyan\.m2\repository\org\junit\platform\junit-platform-commons\1.8.1\junit-platform-commons-1.8.1.jar;C:\Users\jtyan\.m2\repository\org\mockito\mockito-junit-jupiter\4.0.0\mockito-junit-jupiter-4.0.0.jar;C:\Users\jtyan\.m2\repository\org\mockito\mockito-core\4.0.0\mockito-core-4.0.0.jar;C:\Users\jtyan\.m2\repository\net\bytebuddy\byte-buddy\1.11.19\byte-buddy-1.11.19.jar;C:\Users\jtyan\.m2\repository\net\bytebuddy\byte-buddy-agent\1.11.19\byte-buddy-agent-1.11.19.jar;C:\Users\jtyan\.m2\repository\org\objenesis\objenesis\3.2\objenesis-3.2.jar;C:\Users\jtyan\.m2\repository\com\github\spotbugs\spotbugs-maven-plugin\3.1.12\spotbugs-maven-plugin-3.1.12.jar;C:\Users\jtyan\.m2\repository\com\github\spotbugs\spotbugs\3.1.12\spotbugs-3.1.12.jar;C:\Users\jtyan\.m2\repository\org\ow2\asm\asm\7.0\asm-7.0.jar;C:\Users\jtyan\.m2\repository\org\ow2\asm\asm-analysis\7.0\asm-analysis-7.0.jar;C:\Users\jtyan\.m2\repository\org\ow2\asm\asm-commons\7.0\asm-commons-7.0.jar;C:\Users\jtyan\.m2\repository\org\ow2\asm\asm-tree\7.0\asm-tree-7.0.jar;C:\Users\jtyan\.m2\repository\org\ow2\asm\asm-util\7.0\asm-util-7.0.jar;C:\Users\jtyan\.m2\repository\org\apache\bcel\bcel\6.3\bcel-6.3.jar;C:\Users\jtyan\.m2\repository\net\jcip\jcip-annotations\1.0\jcip-annotations-1.0.jar;C:\Users\jtyan\.m2\repository\org\dom4j\dom4j\2.1.1\dom4j-2.1.1.jar;C:\Users\jtyan\.m2\repository\jaxen\jaxen\1.1.6\jaxen-1.1.6.jar;C:\Users\jtyan\.m2\repository\commons-lang\commons-lang\2.6\commons-lang-2.6.jar;C:\Users\jtyan\.m2\repository\com\github\spotbugs\spotbugs-annotations\3.1.12\spotbugs-annotations-3.1.12.jar;C:\Users\jtyan\.m2\repository\org\slf4j\slf4j-simple\1.8.0-beta4\slf4j-simple-1.8.0-beta4.jar;C:\Users\jtyan\.m2\repository\org\apache\ant\ant\1.10.6\ant-1.10.6.jar;C:\Users\jtyan\.m2\repository\org\apache\ant\ant-launcher\1.10.6\ant-launcher-1.10.6.jar;C:\Users\jtyan\.m2\repository\org\codehaus\groovy\groovy\2.5.7\groovy-2.5.7-indy.jar;C:\Users\jtyan\.m2\repository\org\codehaus\groovy\groovy-ant\2.5.7\groovy-ant-2.5.7-indy.jar;C:\Users\jtyan\.m2\repository\org\codehaus\groovy\groovy\2.5.7\groovy-2.5.7.jar;C:\Users\jtyan\.m2\repository\org\codehaus\groovy\groovy-dateutil\2.5.7\groovy-dateutil-2.5.7-indy.jar;C:\Users\jtyan\.m2\repository\org\codehaus\groovy\groovy-groovydoc\2.5.7\groovy-groovydoc-2.5.7.jar;C:\Users\jtyan\.m2\repository\org\codehaus\groovy\groovy-templates\2.5.7\groovy-templates-2.5.7.jar;C:\Users\jtyan\.m2\repository\org\codehaus\groovy\groovy-cli-picocli\2.5.7\groovy-cli-picocli-2.5.7.jar;C:\Users\jtyan\.m2\repository\info\picocli\picocli\3.9.5\picocli-3.9.5.jar;C:\Users\jtyan\.m2\repository\org\codehaus\groovy\groovy-docgenerator\2.5.7\groovy-docgenerator-2.5.7.jar;C:\Users\jtyan\.m2\repository\com\thoughtworks\qdox\qdox\1.12.1\qdox-1.12.1.jar;C:\Users\jtyan\.m2\repository\org\codehaus\groovy\groovy-xml\2.5.7\groovy-xml-2.5.7.jar;C:\Users\jtyan\.m2\repository\org\apache\maven\reporting\maven-reporting-impl\3.0.0\maven-reporting-impl-3.0.0.jar;C:\Users\jtyan\.m2\repository\org\apache\maven\shared\maven-shared-utils\3.2.0\maven-shared-utils-3.2.0.jar;C:\Users\jtyan\.m2\repository\org\apache\maven\reporting\maven-reporting-api\3.0\maven-reporting-api-3.0.jar;C:\Users\jtyan\.m2\repository\org\apache\maven\maven-plugin-api\3.5.0\maven-plugin-api-3.5.0.jar;C:\Users\jtyan\.m2\repository\org\apache\maven\maven-model\3.5.0\maven-model-3.5.0.jar;C:\Users\jtyan\.m2\repository\org\eclipse\sisu\org.eclipse.sisu.plexus\0.3.3\org.eclipse.sisu.plexus-0.3.3.jar;C:\Users\jtyan\.m2\repository\javax\enterprise\cdi-api\1.0\cdi-api-1.0.jar;C:\Users\jtyan\.m2\repository\javax\annotation\jsr250-api\1.0\jsr250-api-1.0.jar;C:\Users\jtyan\.m2\repository\javax\inject\javax.inject\1\javax.inject-1.jar;C:\Users\jtyan\.m2\repository\org\eclipse\sisu\org.eclipse.sisu.inject\0.3.3\org.eclipse.sisu.inject-0.3.3.jar;C:\Users\jtyan\.m2\repository\org\apache\maven\maven-artifact\3.5.0\maven-artifact-3.5.0.jar;C:\Users\jtyan\.m2\repository\org\apache\maven\shared\maven-artifact-transfer\0.11.0\maven-artifact-transfer-0.11.0.jar;C:\Users\jtyan\.m2\repository\org\codehaus\plexus\plexus-component-annotations\1.7.1\plexus-component-annotations-1.7.1.jar;C:\Users\jtyan\.m2\repository\org\apache\maven\shared\maven-common-artifact-filters\3.0.1\maven-common-artifact-filters-3.0.1.jar;C:\Users\jtyan\.m2\repository\org\sonatype\sisu\sisu-inject-plexus\1.4.2\sisu-inject-plexus-1.4.2.jar;C:\Users\jtyan\.m2\repository\org\sonatype\sisu\sisu-inject-bean\1.4.2\sisu-inject-bean-1.4.2.jar;C:\Users\jtyan\.m2\repository\org\sonatype\sisu\sisu-guice\2.1.7\sisu-guice-2.1.7-noaop.jar;C:\Users\jtyan\.m2\repository\org\apache\maven\maven-core\3.1.1\maven-core-3.1.1.jar;C:\Users\jtyan\.m2\repository\org\apache\maven\maven-settings\3.1.1\maven-settings-3.1.1.jar;C:\Users\jtyan\.m2\repository\org\apache\maven\maven-settings-builder\3.1.1\maven-settings-builder-3.1.1.jar;C:\Users\jtyan\.m2\repository\org\apache\maven\maven-repository-metadata\3.1.1\maven-repository-metadata-3.1.1.jar;C:\Users\jtyan\.m2\repository\org\apache\maven\maven-model-builder\3.1.1\maven-model-builder-3.1.1.jar;C:\Users\jtyan\.m2\repository\org\apache\maven\maven-aether-provider\3.1.1\maven-aether-provider-3.1.1.jar;C:\Users\jtyan\.m2\repository\org\eclipse\aether\aether-spi\0.9.0.M2\aether-spi-0.9.0.M2.jar;C:\Users\jtyan\.m2\repository\org\eclipse\aether\aether-impl\0.9.0.M2\aether-impl-0.9.0.M2.jar;C:\Users\jtyan\.m2\repository\org\eclipse\aether\aether-api\0.9.0.M2\aether-api-0.9.0.M2.jar;C:\Users\jtyan\.m2\repository\org\eclipse\aether\aether-util\0.9.0.M2\aether-util-0.9.0.M2.jar;C:\Users\jtyan\.m2\repository\org\codehaus\plexus\plexus-interpolation\1.19\plexus-interpolation-1.19.jar;C:\Users\jtyan\.m2\repository\org\codehaus\plexus\plexus-classworlds\2.5.1\plexus-classworlds-2.5.1.jar;C:\Users\jtyan\.m2\repository\org\sonatype\plexus\plexus-sec-dispatcher\1.3\plexus-sec-dispatcher-1.3.jar;C:\Users\jtyan\.m2\repository\org\sonatype\plexus\plexus-cipher\1.4\plexus-cipher-1.4.jar;C:\Users\jtyan\.m2\repository\org\apache\maven\doxia\doxia-core\1.9\doxia-core-1.9.jar;C:\Users\jtyan\.m2\repository\org\apache\maven\doxia\doxia-logging-api\1.9\doxia-logging-api-1.9.jar;C:\Users\jtyan\.m2\repository\org\apache\httpcomponents\httpclient\4.5.8\httpclient-4.5.8.jar;C:\Users\jtyan\.m2\repository\org\apache\httpcomponents\httpcore\4.4.11\httpcore-4.4.11.jar;C:\Users\jtyan\.m2\repository\org\apache\maven\doxia\doxia-sink-api\1.9\doxia-sink-api-1.9.jar;C:\Users\jtyan\.m2\repository\org\apache\maven\doxia\doxia-decoration-model\1.8.1\doxia-decoration-model-1.8.1.jar;C:\Users\jtyan\.m2\repository\org\apache\maven\doxia\doxia-site-renderer\1.8.1\doxia-site-renderer-1.8.1.jar;C:\Users\jtyan\.m2\repository\org\apache\maven\doxia\doxia-skin-model\1.8.1\doxia-skin-model-1.8.1.jar;C:\Users\jtyan\.m2\repository\org\apache\maven\doxia\doxia-module-xhtml\1.8\doxia-module-xhtml-1.8.jar;C:\Users\jtyan\.m2\repository\org\codehaus\plexus\plexus-i18n\1.0-beta-7\plexus-i18n-1.0-beta-7.jar;C:\Users\jtyan\.m2\repository\org\codehaus\plexus\plexus-velocity\1.2\plexus-velocity-1.2.jar;C:\Users\jtyan\.m2\repository\org\apache\velocity\velocity\1.7\velocity-1.7.jar;C:\Users\jtyan\.m2\repository\org\apache\velocity\velocity-tools\2.0\velocity-tools-2.0.jar;C:\Users\jtyan\.m2\repository\oro\oro\2.0.8\oro-2.0.8.jar;C:\Users\jtyan\.m2\repository\sslext\sslext\1.2-0\sslext-1.2-0.jar;C:\Users\jtyan\.m2\repository\org\apache\maven\doxia\doxia-integration-tools\1.8.1\doxia-integration-tools-1.8.1.jar;C:\Users\jtyan\.m2\repository\commons-beanutils\commons-beanutils\1.9.3\commons-beanutils-1.9.3.jar;C:\Users\jtyan\.m2\repository\commons-logging\commons-logging\1.2\commons-logging-1.2.jar;C:\Users\jtyan\.m2\repository\commons-chain\commons-chain\1.2\commons-chain-1.2.jar;C:\Users\jtyan\.m2\repository\commons-codec\commons-codec\1.12\commons-codec-1.12.jar;C:\Users\jtyan\.m2\repository\commons-collections\commons-collections\3.2.2\commons-collections-3.2.2.jar;C:\Users\jtyan\.m2\repository\commons-digester\commons-digester\2.1\commons-digester-2.1.jar;C:\Users\jtyan\.m2\repository\commons-io\commons-io\2.6\commons-io-2.6.jar;C:\Users\jtyan\.m2\repository\org\apache\commons\commons-lang3\3.9\commons-lang3-3.9.jar;C:\Users\jtyan\.m2\repository\commons-validator\commons-validator\1.6\commons-validator-1.6.jar;C:\Users\jtyan\.m2\repository\org\codehaus\plexus\plexus-container-default\2.0.0\plexus-container-default-2.0.0.jar;C:\Users\jtyan\.m2\repository\org\apache\xbean\xbean-reflect\3.7\xbean-reflect-3.7.jar;C:\Users\jtyan\.m2\repository\org\codehaus\plexus\plexus-resources\1.1.0\plexus-resources-1.1.0.jar;C:\Users\jtyan\.m2\repository\org\codehaus\plexus\plexus-utils\3.1.1\plexus-utils-3.1.1.jar;C:\Users\jtyan\.m2\repository\org\apache\maven\surefire\surefire-junit-platform\3.0.0-M5\surefire-junit-platform-3.0.0-M5.jar;C:\Users\jtyan\.m2\repository\org\apache\maven\surefire\common-java5\3.0.0-M5\common-java5-3.0.0-M5.jar;C:\Users\jtyan\.m2\repository\org\junit\platform\junit-platform-launcher\1.8.1\junit-platform-launcher-1.8.1.jar;C:\Users\jtyan\.m2\repository\org\junit\platform\junit-platform-engine\1.8.1\junit-platform-engine-1.8.1.jar;C:\Users\jtyan\.m2\repository\org\junit\jupiter\junit-jupiter-engine\5.8.1\junit-jupiter-engine-5.8.1.jar"/>
    <property name="user.script" value=""/>
    <property name="sun.management.compiler" value="HotSpot 64-Bit Tiered Compilers"/>
    <property name="java.runtime.version" value="16.0.2+7"/>
    <property name="user.name" value="jtyan"/>
    <property name="path.separator" value=";"/>
    <property name="os.version" value="10.0"/>
    <property name="java.runtime.name" value="OpenJDK Runtime Environment"/>
    <property name="file.encoding" value="Cp1252"/>
    <property name="java.vm.name" value="OpenJDK 64-Bit Server VM"/>
    <property name="java.vendor.version" value="Corretto-16.0.2.7.1"/>
    <property name="localRepository" value="C:\Users\jtyan\.m2\repository"/>
    <property name="java.vendor.url.bug" value="https://github.com/corretto/corretto-jdk/issues/"/>
    <property name="java.io.tmpdir" value="C:\Users\jtyan\AppData\Local\Temp\"/>
    <property name="idea.version" value="2021.2"/>
    <property name="java.version" value="16.0.2"/>
    <property name="user.dir" value="D:\Self Learning\Java Learning\Udacity\Code\Section 3_Java Application Deployment\Udasecurity\catpoint-parent\security"/>
    <property name="os.arch" value="amd64"/>
    <property name="java.vm.specification.name" value="Java Virtual Machine Specification"/>
    <property name="sun.os.patch.level" value=""/>
    <property name="java.library.path" value="C:\Users\jtyan\.jdks\corretto-16.0.2\bin;C:\WINDOWS\Sun\Java\bin;C:\WINDOWS\system32;C:\WINDOWS;C:\Program Files\Common Files\Oracle\Java\javapath;D:\JDK\jdk-17\bin;C:\WINDOWS\system32;C:\WINDOWS;C:\WINDOWS\System32\Wbem;C:\WINDOWS\System32\WindowsPowerShell\v1.0\;C:\WINDOWS\System32\OpenSSH\;C:\Program Files\apache-maven-3.8.3\bin;D:\Git\cmd;C:\Users\jtyan\AppData\Local\Microsoft\WindowsApps;;D:\Microsoft VS Code\bin;."/>
    <property name="java.vm.info" value="mixed mode"/>
    <property name="java.vendor" value="Amazon.com Inc."/>
    <property name="java.vm.version" value="16.0.2+7"/>
    <property name="sun.io.unicode.encoding" value="UnicodeLittle"/>
    <property name="java.class.version" value="60.0"/>
  </properties>
  <testcase name="alarmArmedAndSensorActivated_systemReturnPending" classname="com.udacity.catpoint.security.SecurityServiceTest" time="0.516"/>
  <testcase name="changingSensorState_returnNoChangingInAlarm(boolean)[1]" classname="com.udacity.catpoint.security.SecurityServiceTest" time="0.032"/>
  <testcase name="changingSensorState_returnNoChangingInAlarm(boolean)[2]" classname="com.udacity.catpoint.security.SecurityServiceTest" time="0"/>
  <testcase name="systemArmedHomeCatImageDetected_returnAlarmStatusAlarm" classname="com.udacity.catpoint.security.SecurityServiceTest" time="0.078"/>
  <testcase name="activeSensorAlreadyActivatedAndAlarmPending_returnAlarmStatusAlarm" classname="com.udacity.catpoint.security.SecurityServiceTest" time="0"/>
  <testcase name="deactivatedSensorAlreadyInactive_returnNoChangeToAlarmState(AlarmStatus)[1]" classname="com.udacity.catpoint.security.SecurityServiceTest" time="0"/>
  <testcase name="deactivatedSensorAlreadyInactive_returnNoChangeToAlarmState(AlarmStatus)[2]" classname="com.udacity.catpoint.security.SecurityServiceTest" time="0"/>
  <testcase name="deactivatedSensorAlreadyInactive_returnNoChangeToAlarmState(AlarmStatus)[3]" classname="com.udacity.catpoint.security.SecurityServiceTest" time="0"/>
  <testcase name="systemArmedHomeAndCatDetected_returnAlarmStatusAlarm(ArmingStatus)[1]" classname="com.udacity.catpoint.security.SecurityServiceTest" time="0"/>
  <testcase name="systemArmedHomeAndCatDetected_returnAlarmStatusAlarm(ArmingStatus)[2]" classname="com.udacity.catpoint.security.SecurityServiceTest" time="0"/>
  <testcase name="systemArmed_resetAllSensorsToInactive(ArmingStatus)[1]" classname="com.udacity.catpoint.security.SecurityServiceTest" time="0.016"/>
  <testcase name="systemArmed_resetAllSensorsToInactive(ArmingStatus)[2]" classname="com.udacity.catpoint.security.SecurityServiceTest" time="0"/>
  <testcase name="addAndRemoveSensor" classname="com.udacity.catpoint.security.SecurityServiceTest" time="0"/>
  <testcase name="pendingAlarmAndSensorsInactivated_returnNoAlarm" classname="com.udacity.catpoint.security.SecurityServiceTest" time="0"/>
  <testcase name="noCatDetectedAndSensorInactive_returnAlarmStatusNoAlarm" classname="com.udacity.catpoint.security.SecurityServiceTest" time="0"/>
  <testcase name="callGetAlarmStatus_returnAlarmStatus(AlarmStatus)[1]" classname="com.udacity.catpoint.security.SecurityServiceTest" time="0"/>
  <testcase name="callGetAlarmStatus_returnAlarmStatus(AlarmStatus)[2]" classname="com.udacity.catpoint.security.SecurityServiceTest" time="0"/>
  <testcase name="callGetAlarmStatus_returnAlarmStatus(AlarmStatus)[3]" classname="com.udacity.catpoint.security.SecurityServiceTest" time="0.016"/>
  <testcase name="addAndRemoveStatusListener" classname="com.udacity.catpoint.security.SecurityServiceTest" time="0"/>
  <testcase name="systemDisarmed_returnAlarmStatusNoAlarm" classname="com.udacity.catpoint.security.SecurityServiceTest" time="0"/>
  <testcase name="resetSensors_sensorsReturnInactive" classname="com.udacity.catpoint.security.SecurityServiceTest" time="0"/>
  <testcase name="systemPendingAlarmArmedSensorActivated_returnAlarmToAlarm" classname="com.udacity.catpoint.security.SecurityServiceTest" time="0"/>
</testsuite>